Started GET "/" for ::1 at 2019-05-28 14:05:16 -0400
Processing by StaticPagesController#root as HTML
  Rendering static_pages/root.html.erb within layouts/application
  Rendered static_pages/root.html.erb within layouts/application (1.3ms)
Completed 200 OK in 3077ms (Views: 3066.4ms | ActiveRecord: 0.0ms)


  [1m[35m (0.7ms)[0m  [1m[34mSELECT sqlite_version(*)[0m
  ↳ bin/rails:9
  [1m[35m (3.2ms)[0m  [1m[35mCREATE TABLE "schema_migrations" ("version" varchar NOT NULL PRIMARY KEY)[0m
  ↳ bin/rails:9
  [1m[35m (1.5ms)[0m  [1m[35mCREATE TABLE "ar_internal_metadata" ("key" varchar NOT NULL PRIMARY KEY, "value" varchar, "created_at" datetime NOT NULL, "updated_at" datetime NOT NULL)[0m
  ↳ bin/rails:9
  [1m[35m (0.2ms)[0m  [1m[34mSELECT "schema_migrations"."version" FROM "schema_migrations" ORDER BY "schema_migrations"."version" ASC[0m
  ↳ bin/rails:9
Migrating to CreateUsers (20190528181430)
  [1m[35m (0.3ms)[0m  [1m[34mSELECT "schema_migrations"."version" FROM "schema_migrations" ORDER BY "schema_migrations"."version" ASC[0m
  ↳ bin/rails:9
Migrating to CreateUsers (20190528181430)
  [1m[35m (0.1ms)[0m  [1m[36mbegin transaction[0m
  ↳ bin/rails:9
  [1m[35m (0.1ms)[0m  [1m[34mSELECT sqlite_version(*)[0m
  ↳ db/migrate/20190528181430_create_users.rb:3
  [1m[35m (0.6ms)[0m  [1m[35mCREATE TABLE "users" ("id" integer PRIMARY KEY AUTOINCREMENT NOT NULL, "password_digest" varchar NOT NULL, "username" varchar NOT NULL, "email" varchar NOT NULL)[0m
  ↳ db/migrate/20190528181430_create_users.rb:3
  [1m[35m (0.2ms)[0m  [1m[35mCREATE UNIQUE INDEX "index_users_on_username" ON "users" ("username")[0m
  ↳ db/migrate/20190528181430_create_users.rb:8
  [1m[35m (0.1ms)[0m  [1m[35mCREATE UNIQUE INDEX "index_users_on_email" ON "users" ("email")[0m
  ↳ db/migrate/20190528181430_create_users.rb:9
  [1m[36mActiveRecord::SchemaMigration Create (0.3ms)[0m  [1m[32mINSERT INTO "schema_migrations" ("version") VALUES (?)[0m  [["version", "20190528181430"]]
  ↳ bin/rails:9
  [1m[35m (1.2ms)[0m  [1m[36mcommit transaction[0m
  ↳ bin/rails:9
  [1m[36mActiveRecord::InternalMetadata Load (0.5ms)[0m  [1m[34mSELECT  "ar_internal_metadata".* FROM "ar_internal_metadata" WHERE "ar_internal_metadata"."key" = ? LIMIT ?[0m  [["key", "environment"], ["LIMIT", 1]]
  ↳ bin/rails:9
  [1m[35m (0.1ms)[0m  [1m[36mbegin transaction[0m
  ↳ bin/rails:9
  [1m[36mActiveRecord::InternalMetadata Create (0.5ms)[0m  [1m[32mINSERT INTO "ar_internal_metadata" ("key", "value", "created_at", "updated_at") VALUES (?, ?, ?, ?)[0m  [["key", "environment"], ["value", "development"], ["created_at", "2019-05-28 18:21:15.661660"], ["updated_at", "2019-05-28 18:21:15.661660"]]
  ↳ bin/rails:9
  [1m[35m (1.1ms)[0m  [1m[36mcommit transaction[0m
  ↳ bin/rails:9
  [1m[35m (0.1ms)[0m  [1m[34mSELECT "schema_migrations"."version" FROM "schema_migrations" ORDER BY "schema_migrations"."version" ASC[0m
  ↳ bin/rails:9
  [1m[35m (0.3ms)[0m  [1m[34mSELECT "schema_migrations"."version" FROM "schema_migrations" ORDER BY "schema_migrations"."version" ASC[0m
  ↳ bin/rails:9
Migrating to AddSessionTokenToUsers (20190528192824)
  [1m[35m (0.1ms)[0m  [1m[36mbegin transaction[0m
  ↳ bin/rails:9
  [1m[35m (12.1ms)[0m  [1m[35mALTER TABLE "users" ADD "session_token" varchar NOT NULL[0m
  ↳ db/migrate/20190528192824_add_session_token_to_users.rb:3
  [1m[35m (0.1ms)[0m  [1m[31mrollback transaction[0m
  ↳ bin/rails:9
  [1m[36mUser Load (9.9ms)[0m  [1m[34mSELECT "users".* FROM "users"[0m
  [1m[35m (0.2ms)[0m  [1m[34mSELECT "schema_migrations"."version" FROM "schema_migrations" ORDER BY "schema_migrations"."version" ASC[0m
  ↳ bin/rails:9
Migrating to AddSessionTokenToUsers (20190528192824)
  [1m[35m (0.1ms)[0m  [1m[36mbegin transaction[0m
  ↳ bin/rails:9
  [1m[35m (0.9ms)[0m  [1m[35mALTER TABLE "users" ADD "session_token" varchar NOT NULL[0m
  ↳ db/migrate/20190528192824_add_session_token_to_users.rb:3
  [1m[35m (0.0ms)[0m  [1m[31mrollback transaction[0m
  ↳ bin/rails:9
  [1m[35m (0.4ms)[0m  [1m[34mSELECT "schema_migrations"."version" FROM "schema_migrations" ORDER BY "schema_migrations"."version" ASC[0m
  ↳ bin/rails:9
Migrating to AddSessionTokenToUsers (20190528192824)
  [1m[35m (0.1ms)[0m  [1m[36mbegin transaction[0m
  ↳ bin/rails:9
  [1m[35m (7.8ms)[0m  [1m[35mALTER TABLE "users" ADD "session_token" varchar[0m
  ↳ db/migrate/20190528192824_add_session_token_to_users.rb:3
  [1m[35m (1.7ms)[0m  [1m[35mALTER TABLE "users" ADD "created_at" datetime NOT NULL[0m
  ↳ db/migrate/20190528192824_add_session_token_to_users.rb:4
  [1m[35m (0.6ms)[0m  [1m[31mrollback transaction[0m
  ↳ bin/rails:9
  [1m[35m (0.5ms)[0m  [1m[34mSELECT "schema_migrations"."version" FROM "schema_migrations" ORDER BY "schema_migrations"."version" ASC[0m
  ↳ bin/rails:9
Migrating to AddSessionTokenToUsers (20190528192824)
  [1m[35m (0.1ms)[0m  [1m[36mbegin transaction[0m
  ↳ bin/rails:9
  [1m[35m (0.7ms)[0m  [1m[35mALTER TABLE "users" ADD "session_token" varchar[0m
  ↳ db/migrate/20190528192824_add_session_token_to_users.rb:3
  [1m[35m (1.3ms)[0m  [1m[35mALTER TABLE "users" ADD "created_at" datetime NOT NULL[0m
  ↳ db/migrate/20190528192824_add_session_token_to_users.rb:4
  [1m[35m (0.5ms)[0m  [1m[31mrollback transaction[0m
  ↳ bin/rails:9
  [1m[35m (0.4ms)[0m  [1m[34mSELECT "schema_migrations"."version" FROM "schema_migrations" ORDER BY "schema_migrations"."version" ASC[0m
  ↳ bin/rails:9
Migrating to AddSessionTokenToUsers (20190528192824)
  [1m[35m (0.1ms)[0m  [1m[36mbegin transaction[0m
  ↳ bin/rails:9
  [1m[35m (0.7ms)[0m  [1m[35mALTER TABLE "users" ADD "session_token" varchar[0m
  ↳ db/migrate/20190528192824_add_session_token_to_users.rb:3
  [1m[36mActiveRecord::SchemaMigration Create (0.4ms)[0m  [1m[32mINSERT INTO "schema_migrations" ("version") VALUES (?)[0m  [["version", "20190528192824"]]
  ↳ bin/rails:9
  [1m[35m (1.1ms)[0m  [1m[36mcommit transaction[0m
  ↳ bin/rails:9
  [1m[36mActiveRecord::InternalMetadata Load (35.8ms)[0m  [1m[34mSELECT  "ar_internal_metadata".* FROM "ar_internal_metadata" WHERE "ar_internal_metadata"."key" = ? LIMIT ?[0m  [["key", "environment"], ["LIMIT", 1]]
  ↳ bin/rails:9
  [1m[35m (0.1ms)[0m  [1m[36mbegin transaction[0m
  ↳ bin/rails:9
  [1m[35m (0.1ms)[0m  [1m[36mcommit transaction[0m
  ↳ bin/rails:9
  [1m[35m (0.1ms)[0m  [1m[34mSELECT "schema_migrations"."version" FROM "schema_migrations" ORDER BY "schema_migrations"."version" ASC[0m
  ↳ bin/rails:9
  [1m[35m (0.4ms)[0m  [1m[34mSELECT "schema_migrations"."version" FROM "schema_migrations" ORDER BY "schema_migrations"."version" ASC[0m
  ↳ bin/rails:9
Migrating to AddTimeStampsToUsers (20190528194033)
  [1m[35m (0.1ms)[0m  [1m[36mbegin transaction[0m
  ↳ bin/rails:9
  [1m[35m (2.2ms)[0m  [1m[35mALTER TABLE "users" ADD "created_at" datetime NOT NULL[0m
  ↳ db/migrate/20190528194033_add_time_stamps_to_users.rb:3
  [1m[35m (0.1ms)[0m  [1m[31mrollback transaction[0m
  ↳ bin/rails:9
  [1m[35m (0.4ms)[0m  [1m[34mSELECT "schema_migrations"."version" FROM "schema_migrations" ORDER BY "schema_migrations"."version" ASC[0m
  ↳ bin/rails:9
Migrating to AddTimeStampsToUsers (20190528194033)
  [1m[35m (0.1ms)[0m  [1m[36mbegin transaction[0m
  ↳ bin/rails:9
  [1m[35m (1.4ms)[0m  [1m[35mALTER TABLE "users" ADD "created_at" datetime NOT NULL[0m
  ↳ db/migrate/20190528194033_add_time_stamps_to_users.rb:4
  [1m[35m (0.1ms)[0m  [1m[31mrollback transaction[0m
  ↳ bin/rails:9
  [1m[35m (0.3ms)[0m  [1m[34mSELECT "schema_migrations"."version" FROM "schema_migrations" ORDER BY "schema_migrations"."version" ASC[0m
  ↳ bin/rails:9
Migrating to AddTimeStampsToUsers (20190528194033)
  [1m[35m (0.1ms)[0m  [1m[36mbegin transaction[0m
  ↳ bin/rails:9
  [1m[35m (0.6ms)[0m  [1m[35mALTER TABLE "users" ADD "created_at" datetime[0m
  ↳ db/migrate/20190528194033_add_time_stamps_to_users.rb:4
  [1m[35m (0.2ms)[0m  [1m[35mALTER TABLE "users" ADD "updated_at" datetime[0m
  ↳ db/migrate/20190528194033_add_time_stamps_to_users.rb:4
  [1m[36mUser Update All (0.3ms)[0m  [1m[33mUPDATE "users" SET "created_at" = '2000-01-01 00:00:00', "updated_at" = '2000-01-01 00:00:00'[0m
  ↳ db/migrate/20190528194033_add_time_stamps_to_users.rb:8
  [1m[35m (0.1ms)[0m  [1m[34mSELECT sqlite_version(*)[0m
  ↳ db/migrate/20190528194033_add_time_stamps_to_users.rb:11
  [1m[35m (0.2ms)[0m  [1m[35mCREATE TEMPORARY TABLE "ausers" ("id" integer NOT NULL PRIMARY KEY, "password_digest" varchar NOT NULL, "username" varchar NOT NULL, "email" varchar NOT NULL, "session_token" varchar DEFAULT NULL, "created_at" datetime DEFAULT NULL, "updated_at" datetime DEFAULT NULL)[0m
  ↳ db/migrate/20190528194033_add_time_stamps_to_users.rb:11
  [1m[35m (0.1ms)[0m  [1m[35mCREATE UNIQUE INDEX "tindex_ausers_on_email" ON "ausers" ("email")[0m
  ↳ db/migrate/20190528194033_add_time_stamps_to_users.rb:11
  [1m[35m (0.1ms)[0m  [1m[35mCREATE UNIQUE INDEX "tindex_ausers_on_username" ON "ausers" ("username")[0m
  ↳ db/migrate/20190528194033_add_time_stamps_to_users.rb:11
  [1m[35m (0.1ms)[0m  [1m[32mINSERT INTO "ausers" ("id","password_digest","username","email","session_token","created_at","updated_at")
                     SELECT "id","password_digest","username","email","session_token","created_at","updated_at" FROM "users"[0m
  ↳ db/migrate/20190528194033_add_time_stamps_to_users.rb:11
  [1m[35m (14.9ms)[0m  [1m[35mDROP TABLE "users"[0m
  ↳ db/migrate/20190528194033_add_time_stamps_to_users.rb:11
  [1m[35m (0.2ms)[0m  [1m[35mCREATE TABLE "users" ("id" integer NOT NULL PRIMARY KEY, "password_digest" varchar NOT NULL, "username" varchar NOT NULL, "email" varchar NOT NULL, "session_token" varchar DEFAULT NULL, "created_at" datetime NOT NULL, "updated_at" datetime DEFAULT NULL)[0m
  ↳ db/migrate/20190528194033_add_time_stamps_to_users.rb:11
  [1m[35m (0.1ms)[0m  [1m[35mCREATE UNIQUE INDEX "index_users_on_username" ON "users" ("username")[0m
  ↳ db/migrate/20190528194033_add_time_stamps_to_users.rb:11
  [1m[35m (0.1ms)[0m  [1m[35mCREATE UNIQUE INDEX "index_users_on_email" ON "users" ("email")[0m
  ↳ db/migrate/20190528194033_add_time_stamps_to_users.rb:11
  [1m[35m (0.1ms)[0m  [1m[32mINSERT INTO "users" ("id","password_digest","username","email","session_token","created_at","updated_at")
                     SELECT "id","password_digest","username","email","session_token","created_at","updated_at" FROM "ausers"[0m
  ↳ db/migrate/20190528194033_add_time_stamps_to_users.rb:11
  [1m[35m (0.1ms)[0m  [1m[35mDROP TABLE "ausers"[0m
  ↳ db/migrate/20190528194033_add_time_stamps_to_users.rb:11
  [1m[35m (0.1ms)[0m  [1m[35mCREATE TEMPORARY TABLE "ausers" ("id" integer NOT NULL PRIMARY KEY, "password_digest" varchar NOT NULL, "username" varchar NOT NULL, "email" varchar NOT NULL, "session_token" varchar DEFAULT NULL, "created_at" datetime NOT NULL, "updated_at" datetime DEFAULT NULL)[0m
  ↳ db/migrate/20190528194033_add_time_stamps_to_users.rb:12
  [1m[35m (0.1ms)[0m  [1m[35mCREATE UNIQUE INDEX "tindex_ausers_on_email" ON "ausers" ("email")[0m
  ↳ db/migrate/20190528194033_add_time_stamps_to_users.rb:12
  [1m[35m (0.1ms)[0m  [1m[35mCREATE UNIQUE INDEX "tindex_ausers_on_username" ON "ausers" ("username")[0m
  ↳ db/migrate/20190528194033_add_time_stamps_to_users.rb:12
  [1m[35m (0.1ms)[0m  [1m[32mINSERT INTO "ausers" ("id","password_digest","username","email","session_token","created_at","updated_at")
                     SELECT "id","password_digest","username","email","session_token","created_at","updated_at" FROM "users"[0m
  ↳ db/migrate/20190528194033_add_time_stamps_to_users.rb:12
  [1m[35m (0.1ms)[0m  [1m[35mDROP TABLE "users"[0m
  ↳ db/migrate/20190528194033_add_time_stamps_to_users.rb:12
  [1m[35m (0.1ms)[0m  [1m[35mCREATE TABLE "users" ("id" integer NOT NULL PRIMARY KEY, "password_digest" varchar NOT NULL, "username" varchar NOT NULL, "email" varchar NOT NULL, "session_token" varchar DEFAULT NULL, "created_at" datetime NOT NULL, "updated_at" datetime NOT NULL)[0m
  ↳ db/migrate/20190528194033_add_time_stamps_to_users.rb:12
  [1m[35m (0.1ms)[0m  [1m[35mCREATE UNIQUE INDEX "index_users_on_username" ON "users" ("username")[0m
  ↳ db/migrate/20190528194033_add_time_stamps_to_users.rb:12
  [1m[35m (0.1ms)[0m  [1m[35mCREATE UNIQUE INDEX "index_users_on_email" ON "users" ("email")[0m
  ↳ db/migrate/20190528194033_add_time_stamps_to_users.rb:12
  [1m[35m (0.1ms)[0m  [1m[32mINSERT INTO "users" ("id","password_digest","username","email","session_token","created_at","updated_at")
                     SELECT "id","password_digest","username","email","session_token","created_at","updated_at" FROM "ausers"[0m
  ↳ db/migrate/20190528194033_add_time_stamps_to_users.rb:12
  [1m[35m (0.1ms)[0m  [1m[35mDROP TABLE "ausers"[0m
  ↳ db/migrate/20190528194033_add_time_stamps_to_users.rb:12
  [1m[36mActiveRecord::SchemaMigration Create (0.5ms)[0m  [1m[32mINSERT INTO "schema_migrations" ("version") VALUES (?)[0m  [["version", "20190528194033"]]
  ↳ bin/rails:9
  [1m[35m (1.8ms)[0m  [1m[36mcommit transaction[0m
  ↳ bin/rails:9
  [1m[36mActiveRecord::InternalMetadata Load (0.7ms)[0m  [1m[34mSELECT  "ar_internal_metadata".* FROM "ar_internal_metadata" WHERE "ar_internal_metadata"."key" = ? LIMIT ?[0m  [["key", "environment"], ["LIMIT", 1]]
  ↳ bin/rails:9
  [1m[35m (0.1ms)[0m  [1m[36mbegin transaction[0m
  ↳ bin/rails:9
  [1m[35m (0.1ms)[0m  [1m[36mcommit transaction[0m
  ↳ bin/rails:9
  [1m[35m (0.1ms)[0m  [1m[34mSELECT "schema_migrations"."version" FROM "schema_migrations" ORDER BY "schema_migrations"."version" ASC[0m
  ↳ bin/rails:9
  [1m[35m (0.2ms)[0m  [1m[34mSELECT "schema_migrations"."version" FROM "schema_migrations" ORDER BY "schema_migrations"."version" ASC[0m
  ↳ bin/rails:9
Migrating to AddNullConstraintToUsersColumn (20190528200421)
  [1m[35m (0.1ms)[0m  [1m[36mbegin transaction[0m
  ↳ bin/rails:9
  [1m[35m (0.1ms)[0m  [1m[34mSELECT sqlite_version(*)[0m
  ↳ db/migrate/20190528200421_add_null_constraint_to_users_column.rb:3
  [1m[35m (0.4ms)[0m  [1m[35mCREATE TEMPORARY TABLE "ausers" ("id" integer NOT NULL PRIMARY KEY, "password_digest" varchar NOT NULL, "username" varchar NOT NULL, "email" varchar NOT NULL, "session_token" varchar DEFAULT NULL, "created_at" datetime NOT NULL, "updated_at" datetime NOT NULL)[0m
  ↳ db/migrate/20190528200421_add_null_constraint_to_users_column.rb:3
  [1m[35m (0.2ms)[0m  [1m[35mCREATE UNIQUE INDEX "tindex_ausers_on_email" ON "ausers" ("email")[0m
  ↳ db/migrate/20190528200421_add_null_constraint_to_users_column.rb:3
  [1m[35m (0.1ms)[0m  [1m[35mCREATE UNIQUE INDEX "tindex_ausers_on_username" ON "ausers" ("username")[0m
  ↳ db/migrate/20190528200421_add_null_constraint_to_users_column.rb:3
  [1m[35m (0.1ms)[0m  [1m[32mINSERT INTO "ausers" ("id","password_digest","username","email","session_token","created_at","updated_at")
                     SELECT "id","password_digest","username","email","session_token","created_at","updated_at" FROM "users"[0m
  ↳ db/migrate/20190528200421_add_null_constraint_to_users_column.rb:3
  [1m[35m (0.4ms)[0m  [1m[35mDROP TABLE "users"[0m
  ↳ db/migrate/20190528200421_add_null_constraint_to_users_column.rb:3
  [1m[35m (0.2ms)[0m  [1m[35mCREATE TABLE "users" ("id" integer NOT NULL PRIMARY KEY, "password_digest" varchar NOT NULL, "username" varchar NOT NULL, "email" varchar NOT NULL, "session_token" varchar NOT NULL, "created_at" datetime NOT NULL, "updated_at" datetime NOT NULL)[0m
  ↳ db/migrate/20190528200421_add_null_constraint_to_users_column.rb:3
  [1m[35m (0.1ms)[0m  [1m[35mCREATE UNIQUE INDEX "index_users_on_username" ON "users" ("username")[0m
  ↳ db/migrate/20190528200421_add_null_constraint_to_users_column.rb:3
  [1m[35m (0.1ms)[0m  [1m[35mCREATE UNIQUE INDEX "index_users_on_email" ON "users" ("email")[0m
  ↳ db/migrate/20190528200421_add_null_constraint_to_users_column.rb:3
  [1m[35m (0.1ms)[0m  [1m[32mINSERT INTO "users" ("id","password_digest","username","email","session_token","created_at","updated_at")
                     SELECT "id","password_digest","username","email","session_token","created_at","updated_at" FROM "ausers"[0m
  ↳ db/migrate/20190528200421_add_null_constraint_to_users_column.rb:3
  [1m[35m (0.1ms)[0m  [1m[35mDROP TABLE "ausers"[0m
  ↳ db/migrate/20190528200421_add_null_constraint_to_users_column.rb:3
  [1m[36mActiveRecord::SchemaMigration Create (0.2ms)[0m  [1m[32mINSERT INTO "schema_migrations" ("version") VALUES (?)[0m  [["version", "20190528200421"]]
  ↳ bin/rails:9
  [1m[35m (1.5ms)[0m  [1m[36mcommit transaction[0m
  ↳ bin/rails:9
  [1m[36mActiveRecord::InternalMetadata Load (0.2ms)[0m  [1m[34mSELECT  "ar_internal_metadata".* FROM "ar_internal_metadata" WHERE "ar_internal_metadata"."key" = ? LIMIT ?[0m  [["key", "environment"], ["LIMIT", 1]]
  ↳ bin/rails:9
  [1m[35m (0.1ms)[0m  [1m[36mbegin transaction[0m
  ↳ bin/rails:9
  [1m[35m (0.0ms)[0m  [1m[36mcommit transaction[0m
  ↳ bin/rails:9
  [1m[35m (0.1ms)[0m  [1m[34mSELECT "schema_migrations"."version" FROM "schema_migrations" ORDER BY "schema_migrations"."version" ASC[0m
  ↳ bin/rails:9
